[1.124s] DEBUG:colcon:Command line arguments: ['/usr/bin/colcon', 'build', '--symlink-install']
[1.124s] DEBUG:colcon:Parsed command line arguments: Namespace(allow_overriding=[], ament_cmake_args=None, base_paths=['.'], build_base='build', catkin_cmake_args=None, catkin_skip_building_tests=False, cmake_args=None, cmake_clean_cache=False, cmake_clean_first=False, cmake_force_configure=False, cmake_target=None, cmake_target_skip_unavailable=False, continue_on_error=False, event_handlers=None, executor='parallel', ignore_user_meta=False, install_base='install', log_base=None, log_level=None, main=<bound method BuildVerb.main of <colcon_core.verb.build.BuildVerb object at 0x7f29bbb752e0>>, merge_install=False, metas=['./colcon.meta'], packages_above=None, packages_above_and_dependencies=None, packages_above_depth=None, packages_end=None, packages_ignore=None, packages_ignore_regex=None, packages_select=None, packages_select_build_failed=False, packages_select_by_dep=None, packages_select_regex=None, packages_select_test_failures=False, packages_skip=None, packages_skip_build_finished=False, packages_skip_by_dep=None, packages_skip_regex=None, packages_skip_test_passed=False, packages_skip_up_to=None, packages_start=None, packages_up_to=None, packages_up_to_regex=None, parallel_workers=24, paths=None, symlink_install=True, test_result_base=None, verb_extension=<colcon_core.verb.build.BuildVerb object at 0x7f29bbb752e0>, verb_name='build', verb_parser=<colcon_defaults.argument_parser.defaults.DefaultArgumentsDecorator object at 0x7f29bba93250>)
[1.172s] Level 1:colcon.colcon_core.package_discovery:discover_packages(colcon_meta) check parameters
[1.172s] Level 1:colcon.colcon_core.package_discovery:discover_packages(recursive) check parameters
[1.172s] Level 1:colcon.colcon_core.package_discovery:discover_packages(ignore) check parameters
[1.172s] Level 1:colcon.colcon_core.package_discovery:discover_packages(path) check parameters
[1.172s] Level 1:colcon.colcon_core.package_discovery:discover_packages(colcon_meta) discover
[1.172s] Level 1:colcon.colcon_core.package_discovery:discover_packages(recursive) discover
[1.172s] INFO:colcon.colcon_core.package_discovery:Crawling recursively for packages in '/home/ro1/dev_ws/src/my_bot'
[1.172s] Level 1:colcon.colcon_core.package_identification:_identify(.) by extensions ['ignore', 'ignore_ament_install']
[1.172s] Level 1:colcon.colcon_core.package_identification:_identify(.) by extension 'ignore'
[1.172s] Level 1:colcon.colcon_core.package_identification:_identify(.) by extension 'ignore_ament_install'
[1.173s] Level 1:colcon.colcon_core.package_identification:_identify(.) by extensions ['colcon_pkg']
[1.173s] Level 1:colcon.colcon_core.package_identification:_identify(.) by extension 'colcon_pkg'
[1.173s] Level 1:colcon.colcon_core.package_identification:_identify(.) by extensions ['colcon_meta']
[1.173s] Level 1:colcon.colcon_core.package_identification:_identify(.) by extension 'colcon_meta'
[1.173s] Level 1:colcon.colcon_core.package_identification:_identify(.) by extensions ['ros']
[1.173s] Level 1:colcon.colcon_core.package_identification:_identify(.) by extension 'ros'
[1.180s] DEBUG:colcon.colcon_core.package_identification:Package '.' with type 'ros.ament_cmake' and name 'my_bot'
[1.180s] Level 1:colcon.colcon_core.package_discovery:discover_packages(recursive) using defaults
[1.180s] Level 1:colcon.colcon_core.package_discovery:discover_packages(ignore) discover
[1.180s] Level 1:colcon.colcon_core.package_discovery:discover_packages(ignore) using defaults
[1.180s] Level 1:colcon.colcon_core.package_discovery:discover_packages(path) discover
[1.180s] Level 1:colcon.colcon_core.package_discovery:discover_packages(path) using defaults
[1.279s] Level 1:colcon.colcon_core.package_discovery:discover_packages(prefix_path) check parameters
[1.279s] Level 1:colcon.colcon_core.package_discovery:discover_packages(prefix_path) discover
[1.314s] DEBUG:colcon.colcon_installed_package_information.package_discovery:Found 266 installed packages in /opt/ros/foxy
[1.315s] Level 1:colcon.colcon_core.package_discovery:discover_packages(prefix_path) using defaults
[1.384s] Level 5:colcon.colcon_core.verb:set package 'my_bot' build argument 'cmake_args' from command line to 'None'
[1.384s] Level 5:colcon.colcon_core.verb:set package 'my_bot' build argument 'cmake_target' from command line to 'None'
[1.384s] Level 5:colcon.colcon_core.verb:set package 'my_bot' build argument 'cmake_target_skip_unavailable' from command line to 'False'
[1.384s] Level 5:colcon.colcon_core.verb:set package 'my_bot' build argument 'cmake_clean_cache' from command line to 'False'
[1.384s] Level 5:colcon.colcon_core.verb:set package 'my_bot' build argument 'cmake_clean_first' from command line to 'False'
[1.384s] Level 5:colcon.colcon_core.verb:set package 'my_bot' build argument 'cmake_force_configure' from command line to 'False'
[1.384s] Level 5:colcon.colcon_core.verb:set package 'my_bot' build argument 'ament_cmake_args' from command line to 'None'
[1.384s] Level 5:colcon.colcon_core.verb:set package 'my_bot' build argument 'catkin_cmake_args' from command line to 'None'
[1.384s] Level 5:colcon.colcon_core.verb:set package 'my_bot' build argument 'catkin_skip_building_tests' from command line to 'False'
[1.384s] DEBUG:colcon.colcon_core.verb:Building package 'my_bot' with the following arguments: {'ament_cmake_args': None, 'build_base': '/home/ro1/dev_ws/src/my_bot/build/my_bot', 'catkin_cmake_args': None, 'catkin_skip_building_tests': False, 'cmake_args': None, 'cmake_clean_cache': False, 'cmake_clean_first': False, 'cmake_force_configure': False, 'cmake_target': None, 'cmake_target_skip_unavailable': False, 'install_base': '/home/ro1/dev_ws/src/my_bot/install/my_bot', 'merge_install': False, 'path': '/home/ro1/dev_ws/src/my_bot', 'symlink_install': True, 'test_result_base': None}
[1.402s] INFO:colcon.colcon_core.executor:Executing jobs using 'parallel' executor
[1.422s] DEBUG:colcon.colcon_parallel_executor.executor.parallel:run_until_complete
[1.422s] INFO:colcon.colcon_ros.task.ament_cmake.build:Building ROS package in '/home/ro1/dev_ws/src/my_bot' with build type 'ament_cmake'
[1.422s] INFO:colcon.colcon_cmake.task.cmake.build:Building CMake package in '/home/ro1/dev_ws/src/my_bot'
[1.443s] INFO:colcon.colcon_core.plugin_system:Skipping extension 'colcon_core.shell.bat': Not used on non-Windows systems
[1.444s] INFO:colcon.colcon_core.shell:Skip shell extension 'powershell' for command environment: Not usable outside of PowerShell
[1.444s] DEBUG:colcon.colcon_core.shell:Skip shell extension 'dsv' for command environment
[1.502s] DEBUG:colcon.colcon_core.event_handler.log_command:Invoking command in '/home/ro1/dev_ws/src/my_bot/build/my_bot': CMAKE_PREFIX_PATH=/opt/ros/foxy /usr/bin/cmake --build /home/ro1/dev_ws/src/my_bot/build/my_bot -- -j24 -l24
[1.528s] DEBUG:colcon.colcon_core.event_handler.log_command:Invoked command in '/home/ro1/dev_ws/src/my_bot/build/my_bot' returned '0': CMAKE_PREFIX_PATH=/opt/ros/foxy /usr/bin/cmake --build /home/ro1/dev_ws/src/my_bot/build/my_bot -- -j24 -l24
[1.553s] DEBUG:colcon.colcon_core.event_handler.log_command:Invoking command in '/home/ro1/dev_ws/src/my_bot/build/my_bot': CMAKE_PREFIX_PATH=/opt/ros/foxy /usr/bin/cmake --install /home/ro1/dev_ws/src/my_bot/build/my_bot
[1.572s] Level 1:colcon.colcon_core.environment:create_environment_scripts_only(my_bot)
[1.573s] DEBUG:colcon.colcon_core.event_handler.log_command:Invoked command in '/home/ro1/dev_ws/src/my_bot/build/my_bot' returned '0': CMAKE_PREFIX_PATH=/opt/ros/foxy /usr/bin/cmake --install /home/ro1/dev_ws/src/my_bot/build/my_bot
[1.600s] Level 1:colcon.colcon_core.environment:checking '/home/ro1/dev_ws/src/my_bot/install/my_bot' for CMake module files
[1.601s] Level 1:colcon.colcon_core.environment:checking '/home/ro1/dev_ws/src/my_bot/install/my_bot' for CMake config files
[1.601s] Level 1:colcon.colcon_core.shell:create_environment_hook('my_bot', 'cmake_prefix_path')
[1.620s] INFO:colcon.colcon_core.shell:Creating environment hook '/home/ro1/dev_ws/src/my_bot/install/my_bot/share/my_bot/hook/cmake_prefix_path.ps1'
[1.620s] INFO:colcon.colcon_core.shell:Creating environment descriptor '/home/ro1/dev_ws/src/my_bot/install/my_bot/share/my_bot/hook/cmake_prefix_path.dsv'
[1.621s] INFO:colcon.colcon_core.shell:Creating environment hook '/home/ro1/dev_ws/src/my_bot/install/my_bot/share/my_bot/hook/cmake_prefix_path.sh'
[1.621s] Level 1:colcon.colcon_core.environment:checking '/home/ro1/dev_ws/src/my_bot/install/my_bot/bin'
[1.621s] Level 1:colcon.colcon_core.environment:checking '/home/ro1/dev_ws/src/my_bot/install/my_bot/lib/pkgconfig/my_bot.pc'
[1.621s] Level 1:colcon.colcon_core.environment:checking '/home/ro1/dev_ws/src/my_bot/install/my_bot/lib/python3.8/site-packages'
[1.621s] Level 1:colcon.colcon_core.environment:checking '/home/ro1/dev_ws/src/my_bot/install/my_bot/bin'
[1.639s] INFO:colcon.colcon_core.shell:Creating package script '/home/ro1/dev_ws/src/my_bot/install/my_bot/share/my_bot/package.ps1'
[1.640s] INFO:colcon.colcon_core.shell:Creating package descriptor '/home/ro1/dev_ws/src/my_bot/install/my_bot/share/my_bot/package.dsv'
[1.640s] INFO:colcon.colcon_core.shell:Creating package script '/home/ro1/dev_ws/src/my_bot/install/my_bot/share/my_bot/package.sh'
[1.641s] INFO:colcon.colcon_core.shell:Creating package script '/home/ro1/dev_ws/src/my_bot/install/my_bot/share/my_bot/package.bash'
[1.641s] INFO:colcon.colcon_core.shell:Creating package script '/home/ro1/dev_ws/src/my_bot/install/my_bot/share/my_bot/package.zsh'
[1.642s] Level 1:colcon.colcon_core.environment:create_file_with_runtime_dependencies(/home/ro1/dev_ws/src/my_bot/install/my_bot/share/colcon-core/packages/my_bot)
[1.682s] Level 1:colcon.colcon_core.environment:create_environment_scripts_only(my_bot)
[1.703s] Level 1:colcon.colcon_core.environment:checking '/home/ro1/dev_ws/src/my_bot/install/my_bot' for CMake module files
[1.703s] Level 1:colcon.colcon_core.environment:checking '/home/ro1/dev_ws/src/my_bot/install/my_bot' for CMake config files
[1.704s] Level 1:colcon.colcon_core.shell:create_environment_hook('my_bot', 'cmake_prefix_path')
[1.727s] INFO:colcon.colcon_core.shell:Creating environment hook '/home/ro1/dev_ws/src/my_bot/install/my_bot/share/my_bot/hook/cmake_prefix_path.ps1'
[1.727s] INFO:colcon.colcon_core.shell:Creating environment descriptor '/home/ro1/dev_ws/src/my_bot/install/my_bot/share/my_bot/hook/cmake_prefix_path.dsv'
[1.727s] INFO:colcon.colcon_core.shell:Creating environment hook '/home/ro1/dev_ws/src/my_bot/install/my_bot/share/my_bot/hook/cmake_prefix_path.sh'
[1.728s] Level 1:colcon.colcon_core.environment:checking '/home/ro1/dev_ws/src/my_bot/install/my_bot/bin'
[1.728s] Level 1:colcon.colcon_core.environment:checking '/home/ro1/dev_ws/src/my_bot/install/my_bot/lib/pkgconfig/my_bot.pc'
[1.728s] Level 1:colcon.colcon_core.environment:checking '/home/ro1/dev_ws/src/my_bot/install/my_bot/lib/python3.8/site-packages'
[1.728s] Level 1:colcon.colcon_core.environment:checking '/home/ro1/dev_ws/src/my_bot/install/my_bot/bin'
[1.746s] INFO:colcon.colcon_core.shell:Creating package script '/home/ro1/dev_ws/src/my_bot/install/my_bot/share/my_bot/package.ps1'
[1.746s] INFO:colcon.colcon_core.shell:Creating package descriptor '/home/ro1/dev_ws/src/my_bot/install/my_bot/share/my_bot/package.dsv'
[1.747s] INFO:colcon.colcon_core.shell:Creating package script '/home/ro1/dev_ws/src/my_bot/install/my_bot/share/my_bot/package.sh'
[1.747s] INFO:colcon.colcon_core.shell:Creating package script '/home/ro1/dev_ws/src/my_bot/install/my_bot/share/my_bot/package.bash'
[1.747s] INFO:colcon.colcon_core.shell:Creating package script '/home/ro1/dev_ws/src/my_bot/install/my_bot/share/my_bot/package.zsh'
[1.747s] Level 1:colcon.colcon_core.environment:create_file_with_runtime_dependencies(/home/ro1/dev_ws/src/my_bot/install/my_bot/share/colcon-core/packages/my_bot)
[1.748s] DEBUG:colcon.colcon_parallel_executor.executor.parallel:closing loop
[1.748s] DEBUG:colcon.colcon_parallel_executor.executor.parallel:loop closed
[1.748s] DEBUG:colcon.colcon_parallel_executor.executor.parallel:run_until_complete finished with '0'
[1.748s] DEBUG:colcon.colcon_core.event_reactor:joining thread
[1.769s] INFO:colcon.colcon_core.plugin_system:Skipping extension 'colcon_notification.desktop_notification.terminal_notifier': Not used on non-Darwin systems
[1.769s] INFO:colcon.colcon_core.plugin_system:Skipping extension 'colcon_notification.desktop_notification.win32': Not used on non-Windows systems
[1.769s] INFO:colcon.colcon_notification.desktop_notification:Sending desktop notification using 'notify2'
[1.779s] DEBUG:colcon.colcon_core.event_reactor:joined thread
[1.798s] INFO:colcon.colcon_core.shell:Creating prefix script '/home/ro1/dev_ws/src/my_bot/install/local_setup.ps1'
[1.799s] INFO:colcon.colcon_core.shell:Creating prefix util module '/home/ro1/dev_ws/src/my_bot/install/_local_setup_util_ps1.py'
[1.799s] INFO:colcon.colcon_core.shell:Creating prefix chain script '/home/ro1/dev_ws/src/my_bot/install/setup.ps1'
[1.819s] INFO:colcon.colcon_core.shell:Creating prefix script '/home/ro1/dev_ws/src/my_bot/install/local_setup.sh'
[1.819s] INFO:colcon.colcon_core.shell:Creating prefix util module '/home/ro1/dev_ws/src/my_bot/install/_local_setup_util_sh.py'
[1.820s] INFO:colcon.colcon_core.shell:Creating prefix chain script '/home/ro1/dev_ws/src/my_bot/install/setup.sh'
[1.840s] INFO:colcon.colcon_core.shell:Creating prefix script '/home/ro1/dev_ws/src/my_bot/install/local_setup.bash'
[1.841s] INFO:colcon.colcon_core.shell:Creating prefix chain script '/home/ro1/dev_ws/src/my_bot/install/setup.bash'
[1.858s] INFO:colcon.colcon_core.shell:Creating prefix script '/home/ro1/dev_ws/src/my_bot/install/local_setup.zsh'
[1.858s] INFO:colcon.colcon_core.shell:Creating prefix chain script '/home/ro1/dev_ws/src/my_bot/install/setup.zsh'
