[0.078s] Invoking command in '/home/ro1/dev_ws/src/my_bot/build/my_bot': CMAKE_PREFIX_PATH=${CMAKE_PREFIX_PATH}:/opt/ros/foxy /usr/bin/cmake /home/ro1/dev_ws/src/my_bot -DAMENT_CMAKE_SYMLINK_INSTALL=1 -DCMAKE_INSTALL_PREFIX=/home/ro1/dev_ws/src/my_bot/install/my_bot
[0.111s] -- The C compiler identification is GNU 9.4.0
[0.142s] -- The CXX compiler identification is GNU 9.4.0
[0.145s] -- Check for working C compiler: /usr/bin/cc
[0.194s] -- Check for working C compiler: /usr/bin/cc -- works
[0.194s] -- Detecting C compiler ABI info
[0.238s] -- Detecting C compiler ABI info - done
[0.243s] -- Detecting C compile features
[0.244s] -- Detecting C compile features - done
[0.245s] -- Check for working CXX compiler: /usr/bin/c++
[0.288s] -- Check for working CXX compiler: /usr/bin/c++ -- works
[0.289s] -- Detecting CXX compiler ABI info
[0.335s] -- Detecting CXX compiler ABI info - done
[0.341s] -- Detecting CXX compile features
[0.342s] -- Detecting CXX compile features - done
[0.343s] -- Found ament_cmake: 0.9.12 (/opt/ros/foxy/share/ament_cmake/cmake)
[0.359s] -- Found PythonInterp: /usr/bin/python3 (found suitable version "3.8.10", minimum required is "3") 
[0.359s] -- Using PYTHON_EXECUTABLE: /usr/bin/python3
[0.445s] -- Override CMake install command with custom implementation using symlinks instead of copying resources
[0.462s] -- Found ament_lint_auto: 0.9.8 (/opt/ros/foxy/share/ament_lint_auto/cmake)
[0.502s] -- Added test 'copyright' to check source files copyright and LICENSE
[0.507s] -- Added test 'cppcheck' to perform static code analysis on C / C++ code
[0.507s] -- Configured cppcheck include dirs: 
[0.508s] -- Configured cppcheck exclude dirs and/or files: 
[0.513s] -- Added test 'cpplint' to check C / C++ code against the Google style
[0.513s] -- Configured cpplint exclude dirs and/or files: 
[0.514s] -- Added test 'flake8' to check Python code syntax and style conventions
[0.516s] -- Added test 'lint_cmake' to check CMake code style
[0.517s] -- Added test 'pep257' to check Python code against some of the style conventions in PEP 257
[0.522s] -- Added test 'uncrustify' to check C / C++ code style
[0.522s] -- Configured uncrustify additional arguments: 
[0.523s] -- Added test 'xmllint' to check XML markup files
[0.524s] -- Configuring done
[0.525s] -- Generating done
[0.526s] -- Build files have been written to: /home/ro1/dev_ws/src/my_bot/build/my_bot
[0.528s] Invoked command in '/home/ro1/dev_ws/src/my_bot/build/my_bot' returned '0': CMAKE_PREFIX_PATH=${CMAKE_PREFIX_PATH}:/opt/ros/foxy /usr/bin/cmake /home/ro1/dev_ws/src/my_bot -DAMENT_CMAKE_SYMLINK_INSTALL=1 -DCMAKE_INSTALL_PREFIX=/home/ro1/dev_ws/src/my_bot/install/my_bot
[0.530s] Invoking command in '/home/ro1/dev_ws/src/my_bot/build/my_bot': CMAKE_PREFIX_PATH=${CMAKE_PREFIX_PATH}:/opt/ros/foxy /usr/bin/cmake --build /home/ro1/dev_ws/src/my_bot/build/my_bot -- -j24 -l24
[0.556s] Invoked command in '/home/ro1/dev_ws/src/my_bot/build/my_bot' returned '0': CMAKE_PREFIX_PATH=${CMAKE_PREFIX_PATH}:/opt/ros/foxy /usr/bin/cmake --build /home/ro1/dev_ws/src/my_bot/build/my_bot -- -j24 -l24
[0.577s] Invoking command in '/home/ro1/dev_ws/src/my_bot/build/my_bot': CMAKE_PREFIX_PATH=${CMAKE_PREFIX_PATH}:/opt/ros/foxy /usr/bin/cmake --install /home/ro1/dev_ws/src/my_bot/build/my_bot
[0.582s] -- Install configuration: ""
[0.582s] -- Execute custom install script
[0.583s] -- Symlinking: /home/ro1/dev_ws/src/my_bot/install/my_bot/share/my_bot/config/empty.yaml
[0.587s] -- Symlinking: /home/ro1/dev_ws/src/my_bot/install/my_bot/share/my_bot/config/view_bot.rviz
[0.591s] -- Symlinking: /home/ro1/dev_ws/src/my_bot/install/my_bot/share/my_bot/description/inertial_macros.xacro
[0.596s] -- Symlinking: /home/ro1/dev_ws/src/my_bot/install/my_bot/share/my_bot/description/robot.urdf.xacro
[0.600s] -- Symlinking: /home/ro1/dev_ws/src/my_bot/install/my_bot/share/my_bot/description/robot_core.xacro
[0.604s] -- Symlinking: /home/ro1/dev_ws/src/my_bot/install/my_bot/share/my_bot/launch/rsp.launch.py
[0.609s] -- Symlinking: /home/ro1/dev_ws/src/my_bot/install/my_bot/share/my_bot/launch/rsp_sim.launch.py
[0.614s] -- Symlinking: /home/ro1/dev_ws/src/my_bot/install/my_bot/share/my_bot/worlds/empty.world
[0.619s] -- Symlinking: /home/ro1/dev_ws/src/my_bot/install/my_bot/share/ament_index/resource_index/package_run_dependencies/my_bot
[0.624s] -- Symlinking: /home/ro1/dev_ws/src/my_bot/install/my_bot/share/ament_index/resource_index/parent_prefix_path/my_bot
[0.628s] -- Symlinking: /home/ro1/dev_ws/src/my_bot/install/my_bot/share/my_bot/environment/ament_prefix_path.sh
[0.633s] -- Symlinking: /home/ro1/dev_ws/src/my_bot/install/my_bot/share/my_bot/environment/ament_prefix_path.dsv
[0.637s] -- Symlinking: /home/ro1/dev_ws/src/my_bot/install/my_bot/share/my_bot/environment/path.sh
[0.642s] -- Symlinking: /home/ro1/dev_ws/src/my_bot/install/my_bot/share/my_bot/environment/path.dsv
[0.648s] -- Symlinking: /home/ro1/dev_ws/src/my_bot/install/my_bot/share/my_bot/local_setup.bash
[0.653s] -- Symlinking: /home/ro1/dev_ws/src/my_bot/install/my_bot/share/my_bot/local_setup.sh
[0.657s] -- Symlinking: /home/ro1/dev_ws/src/my_bot/install/my_bot/share/my_bot/local_setup.zsh
[0.664s] -- Symlinking: /home/ro1/dev_ws/src/my_bot/install/my_bot/share/my_bot/local_setup.dsv
[0.669s] -- Symlinking: /home/ro1/dev_ws/src/my_bot/install/my_bot/share/my_bot/package.dsv
[0.673s] -- Symlinking: /home/ro1/dev_ws/src/my_bot/install/my_bot/share/ament_index/resource_index/packages/my_bot
[0.678s] -- Symlinking: /home/ro1/dev_ws/src/my_bot/install/my_bot/share/my_bot/cmake/my_botConfig.cmake
[0.682s] -- Symlinking: /home/ro1/dev_ws/src/my_bot/install/my_bot/share/my_bot/cmake/my_botConfig-version.cmake
[0.686s] -- Symlinking: /home/ro1/dev_ws/src/my_bot/install/my_bot/share/my_bot/package.xml
[0.691s] Invoked command in '/home/ro1/dev_ws/src/my_bot/build/my_bot' returned '0': CMAKE_PREFIX_PATH=${CMAKE_PREFIX_PATH}:/opt/ros/foxy /usr/bin/cmake --install /home/ro1/dev_ws/src/my_bot/build/my_bot
