[0.093s] Invoking command in '/home/ro1/dev_ws/src/my_bot/build/my_bot': CMAKE_PREFIX_PATH=${CMAKE_PREFIX_PATH}:/opt/ros/foxy /usr/bin/cmake --build /home/ro1/dev_ws/src/my_bot/build/my_bot -- -j24 -l24
[0.116s] Invoked command in '/home/ro1/dev_ws/src/my_bot/build/my_bot' returned '0': CMAKE_PREFIX_PATH=${CMAKE_PREFIX_PATH}:/opt/ros/foxy /usr/bin/cmake --build /home/ro1/dev_ws/src/my_bot/build/my_bot -- -j24 -l24
[0.134s] Invoking command in '/home/ro1/dev_ws/src/my_bot/build/my_bot': CMAKE_PREFIX_PATH=${CMAKE_PREFIX_PATH}:/opt/ros/foxy /usr/bin/cmake --install /home/ro1/dev_ws/src/my_bot/build/my_bot
[0.140s] -- Install configuration: ""
[0.140s] -- Execute custom install script
[0.140s] -- Up-to-date symlink: /home/ro1/dev_ws/src/my_bot/install/my_bot/share/my_bot/config/empty.yaml
[0.140s] -- Up-to-date symlink: /home/ro1/dev_ws/src/my_bot/install/my_bot/share/my_bot/config/view_bot.rviz
[0.140s] -- Up-to-date symlink: /home/ro1/dev_ws/src/my_bot/install/my_bot/share/my_bot/description/gazebo_control.xacro
[0.141s] -- Up-to-date symlink: /home/ro1/dev_ws/src/my_bot/install/my_bot/share/my_bot/description/inertial_macros.xacro
[0.141s] -- Up-to-date symlink: /home/ro1/dev_ws/src/my_bot/install/my_bot/share/my_bot/description/robot.urdf.xacro
[0.141s] -- Up-to-date symlink: /home/ro1/dev_ws/src/my_bot/install/my_bot/share/my_bot/description/robot_core.xacro
[0.141s] -- Up-to-date symlink: /home/ro1/dev_ws/src/my_bot/install/my_bot/share/my_bot/launch/rsp.launch.py
[0.141s] -- Up-to-date symlink: /home/ro1/dev_ws/src/my_bot/install/my_bot/share/my_bot/launch/rsp_sim.launch.py
[0.141s] -- Up-to-date symlink: /home/ro1/dev_ws/src/my_bot/install/my_bot/share/my_bot/worlds/empty.world
[0.141s] -- Up-to-date symlink: /home/ro1/dev_ws/src/my_bot/install/my_bot/share/ament_index/resource_index/package_run_dependencies/my_bot
[0.142s] -- Up-to-date symlink: /home/ro1/dev_ws/src/my_bot/install/my_bot/share/ament_index/resource_index/parent_prefix_path/my_bot
[0.142s] -- Up-to-date symlink: /home/ro1/dev_ws/src/my_bot/install/my_bot/share/my_bot/environment/ament_prefix_path.sh
[0.142s] -- Up-to-date symlink: /home/ro1/dev_ws/src/my_bot/install/my_bot/share/my_bot/environment/ament_prefix_path.dsv
[0.142s] -- Up-to-date symlink: /home/ro1/dev_ws/src/my_bot/install/my_bot/share/my_bot/environment/path.sh
[0.142s] -- Up-to-date symlink: /home/ro1/dev_ws/src/my_bot/install/my_bot/share/my_bot/environment/path.dsv
[0.142s] -- Up-to-date symlink: /home/ro1/dev_ws/src/my_bot/install/my_bot/share/my_bot/local_setup.bash
[0.143s] -- Up-to-date symlink: /home/ro1/dev_ws/src/my_bot/install/my_bot/share/my_bot/local_setup.sh
[0.143s] -- Up-to-date symlink: /home/ro1/dev_ws/src/my_bot/install/my_bot/share/my_bot/local_setup.zsh
[0.143s] -- Up-to-date symlink: /home/ro1/dev_ws/src/my_bot/install/my_bot/share/my_bot/local_setup.dsv
[0.143s] -- Symlinking: /home/ro1/dev_ws/src/my_bot/install/my_bot/share/my_bot/package.dsv
[0.149s] -- Up-to-date symlink: /home/ro1/dev_ws/src/my_bot/install/my_bot/share/ament_index/resource_index/packages/my_bot
[0.149s] -- Up-to-date symlink: /home/ro1/dev_ws/src/my_bot/install/my_bot/share/my_bot/cmake/my_botConfig.cmake
[0.149s] -- Up-to-date symlink: /home/ro1/dev_ws/src/my_bot/install/my_bot/share/my_bot/cmake/my_botConfig-version.cmake
[0.149s] -- Up-to-date symlink: /home/ro1/dev_ws/src/my_bot/install/my_bot/share/my_bot/package.xml
[0.151s] Invoked command in '/home/ro1/dev_ws/src/my_bot/build/my_bot' returned '0': CMAKE_PREFIX_PATH=${CMAKE_PREFIX_PATH}:/opt/ros/foxy /usr/bin/cmake --install /home/ro1/dev_ws/src/my_bot/build/my_bot
