[0.968s] DEBUG:colcon:Command line arguments: ['/usr/bin/colcon', 'build', '--symlink-install']
[0.968s] DEBUG:colcon:Parsed command line arguments: Namespace(allow_overriding=[], ament_cmake_args=None, base_paths=['.'], build_base='build', catkin_cmake_args=None, catkin_skip_building_tests=False, cmake_args=None, cmake_clean_cache=False, cmake_clean_first=False, cmake_force_configure=False, cmake_target=None, cmake_target_skip_unavailable=False, continue_on_error=False, event_handlers=None, executor='parallel', ignore_user_meta=False, install_base='install', log_base=None, log_level=None, main=<bound method BuildVerb.main of <colcon_core.verb.build.BuildVerb object at 0x7f581c292310>>, merge_install=False, metas=['./colcon.meta'], packages_above=None, packages_above_and_dependencies=None, packages_above_depth=None, packages_end=None, packages_ignore=None, packages_ignore_regex=None, packages_select=None, packages_select_build_failed=False, packages_select_by_dep=None, packages_select_regex=None, packages_select_test_failures=False, packages_skip=None, packages_skip_build_finished=False, packages_skip_by_dep=None, packages_skip_regex=None, packages_skip_test_passed=False, packages_skip_up_to=None, packages_start=None, packages_up_to=None, packages_up_to_regex=None, parallel_workers=24, paths=None, symlink_install=True, test_result_base=None, verb_extension=<colcon_core.verb.build.BuildVerb object at 0x7f581c292310>, verb_name='build', verb_parser=<colcon_defaults.argument_parser.defaults.DefaultArgumentsDecorator object at 0x7f581c115520>)
[1.011s] Level 1:colcon.colcon_core.package_discovery:discover_packages(colcon_meta) check parameters
[1.011s] Level 1:colcon.colcon_core.package_discovery:discover_packages(recursive) check parameters
[1.011s] Level 1:colcon.colcon_core.package_discovery:discover_packages(ignore) check parameters
[1.011s] Level 1:colcon.colcon_core.package_discovery:discover_packages(path) check parameters
[1.011s] Level 1:colcon.colcon_core.package_discovery:discover_packages(colcon_meta) discover
[1.011s] Level 1:colcon.colcon_core.package_discovery:discover_packages(recursive) discover
[1.011s] INFO:colcon.colcon_core.package_discovery:Crawling recursively for packages in '/home/ro1/dev_ws/src/my_bot'
[1.011s] Level 1:colcon.colcon_core.package_identification:_identify(.) by extensions ['ignore', 'ignore_ament_install']
[1.011s] Level 1:colcon.colcon_core.package_identification:_identify(.) by extension 'ignore'
[1.012s] Level 1:colcon.colcon_core.package_identification:_identify(.) by extension 'ignore_ament_install'
[1.012s] Level 1:colcon.colcon_core.package_identification:_identify(.) by extensions ['colcon_pkg']
[1.012s] Level 1:colcon.colcon_core.package_identification:_identify(.) by extension 'colcon_pkg'
[1.012s] Level 1:colcon.colcon_core.package_identification:_identify(.) by extensions ['colcon_meta']
[1.012s] Level 1:colcon.colcon_core.package_identification:_identify(.) by extension 'colcon_meta'
[1.012s] Level 1:colcon.colcon_core.package_identification:_identify(.) by extensions ['ros']
[1.012s] Level 1:colcon.colcon_core.package_identification:_identify(.) by extension 'ros'
[1.018s] DEBUG:colcon.colcon_core.package_identification:Package '.' with type 'ros.ament_cmake' and name 'my_bot'
[1.018s] Level 1:colcon.colcon_core.package_discovery:discover_packages(recursive) using defaults
[1.018s] Level 1:colcon.colcon_core.package_discovery:discover_packages(ignore) discover
[1.018s] Level 1:colcon.colcon_core.package_discovery:discover_packages(ignore) using defaults
[1.018s] Level 1:colcon.colcon_core.package_discovery:discover_packages(path) discover
[1.018s] Level 1:colcon.colcon_core.package_discovery:discover_packages(path) using defaults
[1.114s] Level 1:colcon.colcon_core.package_discovery:discover_packages(prefix_path) check parameters
[1.114s] Level 1:colcon.colcon_core.package_discovery:discover_packages(prefix_path) discover
[1.147s] DEBUG:colcon.colcon_installed_package_information.package_discovery:Found 3 installed packages in /home/ro1/dev_ws/install
[1.164s] DEBUG:colcon.colcon_installed_package_information.package_discovery:Found 266 installed packages in /opt/ros/foxy
[1.165s] Level 1:colcon.colcon_core.package_discovery:discover_packages(prefix_path) using defaults
[1.232s] Level 5:colcon.colcon_core.verb:set package 'my_bot' build argument 'cmake_args' from command line to 'None'
[1.232s] Level 5:colcon.colcon_core.verb:set package 'my_bot' build argument 'cmake_target' from command line to 'None'
[1.232s] Level 5:colcon.colcon_core.verb:set package 'my_bot' build argument 'cmake_target_skip_unavailable' from command line to 'False'
[1.232s] Level 5:colcon.colcon_core.verb:set package 'my_bot' build argument 'cmake_clean_cache' from command line to 'False'
[1.232s] Level 5:colcon.colcon_core.verb:set package 'my_bot' build argument 'cmake_clean_first' from command line to 'False'
[1.232s] Level 5:colcon.colcon_core.verb:set package 'my_bot' build argument 'cmake_force_configure' from command line to 'False'
[1.232s] Level 5:colcon.colcon_core.verb:set package 'my_bot' build argument 'ament_cmake_args' from command line to 'None'
[1.232s] Level 5:colcon.colcon_core.verb:set package 'my_bot' build argument 'catkin_cmake_args' from command line to 'None'
[1.232s] Level 5:colcon.colcon_core.verb:set package 'my_bot' build argument 'catkin_skip_building_tests' from command line to 'False'
[1.232s] DEBUG:colcon.colcon_core.verb:Building package 'my_bot' with the following arguments: {'ament_cmake_args': None, 'build_base': '/home/ro1/dev_ws/src/my_bot/build/my_bot', 'catkin_cmake_args': None, 'catkin_skip_building_tests': False, 'cmake_args': None, 'cmake_clean_cache': False, 'cmake_clean_first': False, 'cmake_force_configure': False, 'cmake_target': None, 'cmake_target_skip_unavailable': False, 'install_base': '/home/ro1/dev_ws/src/my_bot/install/my_bot', 'merge_install': False, 'path': '/home/ro1/dev_ws/src/my_bot', 'symlink_install': True, 'test_result_base': None}
[1.248s] INFO:colcon.colcon_core.executor:Executing jobs using 'parallel' executor
[1.265s] DEBUG:colcon.colcon_parallel_executor.executor.parallel:run_until_complete
[1.265s] INFO:colcon.colcon_ros.task.ament_cmake.build:Building ROS package in '/home/ro1/dev_ws/src/my_bot' with build type 'ament_cmake'
[1.265s] INFO:colcon.colcon_cmake.task.cmake.build:Building CMake package in '/home/ro1/dev_ws/src/my_bot'
[1.282s] INFO:colcon.colcon_core.plugin_system:Skipping extension 'colcon_core.shell.bat': Not used on non-Windows systems
[1.282s] INFO:colcon.colcon_core.shell:Skip shell extension 'powershell' for command environment: Not usable outside of PowerShell
[1.282s] DEBUG:colcon.colcon_core.shell:Skip shell extension 'dsv' for command environment
[1.344s] DEBUG:colcon.colcon_core.event_handler.log_command:Invoking command in '/home/ro1/dev_ws/src/my_bot/build/my_bot': CMAKE_PREFIX_PATH=${CMAKE_PREFIX_PATH}:/opt/ros/foxy /usr/bin/cmake /home/ro1/dev_ws/src/my_bot -DAMENT_CMAKE_SYMLINK_INSTALL=1 -DCMAKE_INSTALL_PREFIX=/home/ro1/dev_ws/src/my_bot/install/my_bot
[1.793s] DEBUG:colcon.colcon_core.event_handler.log_command:Invoked command in '/home/ro1/dev_ws/src/my_bot/build/my_bot' returned '0': CMAKE_PREFIX_PATH=${CMAKE_PREFIX_PATH}:/opt/ros/foxy /usr/bin/cmake /home/ro1/dev_ws/src/my_bot -DAMENT_CMAKE_SYMLINK_INSTALL=1 -DCMAKE_INSTALL_PREFIX=/home/ro1/dev_ws/src/my_bot/install/my_bot
[1.795s] DEBUG:colcon.colcon_core.event_handler.log_command:Invoking command in '/home/ro1/dev_ws/src/my_bot/build/my_bot': CMAKE_PREFIX_PATH=${CMAKE_PREFIX_PATH}:/opt/ros/foxy /usr/bin/cmake --build /home/ro1/dev_ws/src/my_bot/build/my_bot -- -j24 -l24
[1.821s] DEBUG:colcon.colcon_core.event_handler.log_command:Invoked command in '/home/ro1/dev_ws/src/my_bot/build/my_bot' returned '0': CMAKE_PREFIX_PATH=${CMAKE_PREFIX_PATH}:/opt/ros/foxy /usr/bin/cmake --build /home/ro1/dev_ws/src/my_bot/build/my_bot -- -j24 -l24
[1.843s] DEBUG:colcon.colcon_core.event_handler.log_command:Invoking command in '/home/ro1/dev_ws/src/my_bot/build/my_bot': CMAKE_PREFIX_PATH=${CMAKE_PREFIX_PATH}:/opt/ros/foxy /usr/bin/cmake --install /home/ro1/dev_ws/src/my_bot/build/my_bot
[1.957s] Level 1:colcon.colcon_core.environment:create_environment_scripts_only(my_bot)
[1.957s] DEBUG:colcon.colcon_core.event_handler.log_command:Invoked command in '/home/ro1/dev_ws/src/my_bot/build/my_bot' returned '0': CMAKE_PREFIX_PATH=${CMAKE_PREFIX_PATH}:/opt/ros/foxy /usr/bin/cmake --install /home/ro1/dev_ws/src/my_bot/build/my_bot
[1.975s] Level 1:colcon.colcon_core.environment:checking '/home/ro1/dev_ws/src/my_bot/install/my_bot' for CMake module files
[1.976s] Level 1:colcon.colcon_core.environment:checking '/home/ro1/dev_ws/src/my_bot/install/my_bot' for CMake config files
[1.976s] Level 1:colcon.colcon_core.shell:create_environment_hook('my_bot', 'cmake_prefix_path')
[1.992s] INFO:colcon.colcon_core.shell:Creating environment hook '/home/ro1/dev_ws/src/my_bot/install/my_bot/share/my_bot/hook/cmake_prefix_path.ps1'
[1.992s] INFO:colcon.colcon_core.shell:Creating environment descriptor '/home/ro1/dev_ws/src/my_bot/install/my_bot/share/my_bot/hook/cmake_prefix_path.dsv'
[1.993s] INFO:colcon.colcon_core.shell:Creating environment hook '/home/ro1/dev_ws/src/my_bot/install/my_bot/share/my_bot/hook/cmake_prefix_path.sh'
[1.993s] Level 1:colcon.colcon_core.environment:checking '/home/ro1/dev_ws/src/my_bot/install/my_bot/bin'
[1.993s] Level 1:colcon.colcon_core.environment:checking '/home/ro1/dev_ws/src/my_bot/install/my_bot/lib/pkgconfig/my_bot.pc'
[1.993s] Level 1:colcon.colcon_core.environment:checking '/home/ro1/dev_ws/src/my_bot/install/my_bot/lib/python3.8/site-packages'
[1.993s] Level 1:colcon.colcon_core.environment:checking '/home/ro1/dev_ws/src/my_bot/install/my_bot/bin'
[2.010s] INFO:colcon.colcon_core.shell:Creating package script '/home/ro1/dev_ws/src/my_bot/install/my_bot/share/my_bot/package.ps1'
[2.010s] INFO:colcon.colcon_core.shell:Creating package descriptor '/home/ro1/dev_ws/src/my_bot/install/my_bot/share/my_bot/package.dsv'
[2.010s] INFO:colcon.colcon_core.shell:Creating package script '/home/ro1/dev_ws/src/my_bot/install/my_bot/share/my_bot/package.sh'
[2.010s] INFO:colcon.colcon_core.shell:Creating package script '/home/ro1/dev_ws/src/my_bot/install/my_bot/share/my_bot/package.bash'
[2.011s] INFO:colcon.colcon_core.shell:Creating package script '/home/ro1/dev_ws/src/my_bot/install/my_bot/share/my_bot/package.zsh'
[2.011s] Level 1:colcon.colcon_core.environment:create_file_with_runtime_dependencies(/home/ro1/dev_ws/src/my_bot/install/my_bot/share/colcon-core/packages/my_bot)
[2.041s] Level 1:colcon.colcon_core.environment:create_environment_scripts_only(my_bot)
[2.057s] Level 1:colcon.colcon_core.environment:checking '/home/ro1/dev_ws/src/my_bot/install/my_bot' for CMake module files
[2.058s] Level 1:colcon.colcon_core.environment:checking '/home/ro1/dev_ws/src/my_bot/install/my_bot' for CMake config files
[2.058s] Level 1:colcon.colcon_core.shell:create_environment_hook('my_bot', 'cmake_prefix_path')
[2.074s] INFO:colcon.colcon_core.shell:Creating environment hook '/home/ro1/dev_ws/src/my_bot/install/my_bot/share/my_bot/hook/cmake_prefix_path.ps1'
[2.075s] INFO:colcon.colcon_core.shell:Creating environment descriptor '/home/ro1/dev_ws/src/my_bot/install/my_bot/share/my_bot/hook/cmake_prefix_path.dsv'
[2.075s] INFO:colcon.colcon_core.shell:Creating environment hook '/home/ro1/dev_ws/src/my_bot/install/my_bot/share/my_bot/hook/cmake_prefix_path.sh'
[2.075s] Level 1:colcon.colcon_core.environment:checking '/home/ro1/dev_ws/src/my_bot/install/my_bot/bin'
[2.075s] Level 1:colcon.colcon_core.environment:checking '/home/ro1/dev_ws/src/my_bot/install/my_bot/lib/pkgconfig/my_bot.pc'
[2.075s] Level 1:colcon.colcon_core.environment:checking '/home/ro1/dev_ws/src/my_bot/install/my_bot/lib/python3.8/site-packages'
[2.075s] Level 1:colcon.colcon_core.environment:checking '/home/ro1/dev_ws/src/my_bot/install/my_bot/bin'
[2.092s] INFO:colcon.colcon_core.shell:Creating package script '/home/ro1/dev_ws/src/my_bot/install/my_bot/share/my_bot/package.ps1'
[2.092s] INFO:colcon.colcon_core.shell:Creating package descriptor '/home/ro1/dev_ws/src/my_bot/install/my_bot/share/my_bot/package.dsv'
[2.092s] INFO:colcon.colcon_core.shell:Creating package script '/home/ro1/dev_ws/src/my_bot/install/my_bot/share/my_bot/package.sh'
[2.092s] INFO:colcon.colcon_core.shell:Creating package script '/home/ro1/dev_ws/src/my_bot/install/my_bot/share/my_bot/package.bash'
[2.093s] INFO:colcon.colcon_core.shell:Creating package script '/home/ro1/dev_ws/src/my_bot/install/my_bot/share/my_bot/package.zsh'
[2.093s] Level 1:colcon.colcon_core.environment:create_file_with_runtime_dependencies(/home/ro1/dev_ws/src/my_bot/install/my_bot/share/colcon-core/packages/my_bot)
[2.093s] DEBUG:colcon.colcon_parallel_executor.executor.parallel:closing loop
[2.093s] DEBUG:colcon.colcon_parallel_executor.executor.parallel:loop closed
[2.093s] DEBUG:colcon.colcon_parallel_executor.executor.parallel:run_until_complete finished with '0'
[2.094s] DEBUG:colcon.colcon_core.event_reactor:joining thread
[2.113s] INFO:colcon.colcon_core.plugin_system:Skipping extension 'colcon_notification.desktop_notification.terminal_notifier': Not used on non-Darwin systems
[2.113s] INFO:colcon.colcon_core.plugin_system:Skipping extension 'colcon_notification.desktop_notification.win32': Not used on non-Windows systems
[2.113s] INFO:colcon.colcon_notification.desktop_notification:Sending desktop notification using 'notify2'
[2.120s] DEBUG:colcon.colcon_core.event_reactor:joined thread
[2.144s] INFO:colcon.colcon_core.shell:Creating prefix script '/home/ro1/dev_ws/src/my_bot/install/local_setup.ps1'
[2.145s] INFO:colcon.colcon_core.shell:Creating prefix util module '/home/ro1/dev_ws/src/my_bot/install/_local_setup_util_ps1.py'
[2.145s] INFO:colcon.colcon_core.shell:Creating prefix chain script '/home/ro1/dev_ws/src/my_bot/install/setup.ps1'
[2.162s] INFO:colcon.colcon_core.shell:Creating prefix script '/home/ro1/dev_ws/src/my_bot/install/local_setup.sh'
[2.163s] INFO:colcon.colcon_core.shell:Creating prefix util module '/home/ro1/dev_ws/src/my_bot/install/_local_setup_util_sh.py'
[2.163s] INFO:colcon.colcon_core.shell:Creating prefix chain script '/home/ro1/dev_ws/src/my_bot/install/setup.sh'
[2.179s] INFO:colcon.colcon_core.shell:Creating prefix script '/home/ro1/dev_ws/src/my_bot/install/local_setup.bash'
[2.180s] INFO:colcon.colcon_core.shell:Creating prefix chain script '/home/ro1/dev_ws/src/my_bot/install/setup.bash'
[2.196s] INFO:colcon.colcon_core.shell:Creating prefix script '/home/ro1/dev_ws/src/my_bot/install/local_setup.zsh'
[2.196s] INFO:colcon.colcon_core.shell:Creating prefix chain script '/home/ro1/dev_ws/src/my_bot/install/setup.zsh'
